[   12016ms] [WARNING] Google Maps JavaScript API has been loaded directly without loading=async. This can result in suboptimal performance. For best-practice loading patterns please see https://goo.gle/js-api-loading @ https://maps.googleapis.com/maps/api/js?key=AIzaSyBjRZCoAbS_k0MRdrtmdT2wm0Hqspn8O5o&libraries=places:2586
[   16275ms] [WARNING] Google Maps JavaScript API has been loaded directly without loading=async. This can result in suboptimal performance. For best-practice loading patterns please see https://goo.gle/js-api-loading @ https://maps.googleapis.com/maps/api/js?key=AIzaSyBjRZCoAbS_k0MRdrtmdT2wm0Hqspn8O5o&libraries=places:2586
[   16319ms] [WARNING] Unsatisfied version 15.2.10 from po-app of shared singleton module @angular/core (required ^auto) @ https://qa-property-owner.innago.com/main.d65769e0ad27ba3d.js:0
[   16319ms] [WARNING] Unsatisfied version 7.8.2 from po-app of shared singleton module rxjs (required ^auto) @ https://qa-property-owner.innago.com/main.d65769e0ad27ba3d.js:0
[   16320ms] [WARNING] Unsatisfied version 15.2.10 from po-app of shared singleton module @angular/common (required ^auto) @ https://qa-property-owner.innago.com/main.d65769e0ad27ba3d.js:0
[   16320ms] [WARNING] Unsatisfied version 15.2.10 from po-app of shared singleton module @angular/platform-browser (required ^auto) @ https://qa-property-owner.innago.com/main.d65769e0ad27ba3d.js:0
[   16320ms] [WARNING] Unsatisfied version 15.2.2 from po-app of shared singleton module ngx-toastr (required ^auto) @ https://qa-property-owner.innago.com/main.d65769e0ad27ba3d.js:0
[   16320ms] [WARNING] Unsatisfied version 15.2.10 from po-app of shared singleton module @angular/animations (required ^auto) @ https://qa-property-owner.innago.com/main.d65769e0ad27ba3d.js:0
[   16320ms] [WARNING] Unsatisfied version 15.2.10 from po-app of shared singleton module @angular/common/http (required ^auto) @ https://qa-property-owner.innago.com/main.d65769e0ad27ba3d.js:0
[   16320ms] [WARNING] Unsatisfied version 15.2.10 from po-app of shared singleton module @angular/router (required ^auto) @ https://qa-property-owner.innago.com/main.d65769e0ad27ba3d.js:0
[   16321ms] [WARNING] Unsatisfied version 15.2.10 from po-app of shared singleton module @angular/forms (required ^auto) @ https://qa-property-owner.innago.com/main.d65769e0ad27ba3d.js:0
[   16321ms] [WARNING] Unsatisfied version 15.4.0 from po-app of shared singleton module @ngrx/store (required ^auto) @ https://qa-property-owner.innago.com/main.d65769e0ad27ba3d.js:0
[   16322ms] [WARNING] Unsatisfied version 15.4.0 from po-app of shared singleton module @ngrx/effects (required ^auto) @ https://qa-property-owner.innago.com/main.d65769e0ad27ba3d.js:0
[   16431ms] [WARNING] Environment.configService is not initialized. Returning undefined for key: intercomAppId @ https://qa-property-owner.innago.com/1886.4f229667e93ec0e3.js:0
[   16464ms] [WARNING] Environment.configService is not initialized. Returning undefined for key: logLevel @ https://qa-property-owner.innago.com/1886.4f229667e93ec0e3.js:0
[   16464ms] [WARNING] Environment.configService is not initialized. Returning undefined for key: logUrl @ https://qa-property-owner.innago.com/1886.4f229667e93ec0e3.js:0
[   16472ms] [WARNING] Environment.configService is not initialized. Returning undefined for key: logLevel @ https://qa-property-owner.innago.com/1886.4f229667e93ec0e3.js:0
[   16472ms] [WARNING] Environment.configService is not initialized. Returning undefined for key: logUrl @ https://qa-property-owner.innago.com/1886.4f229667e93ec0e3.js:0
[   18745ms] [LOG] denied @ https://qa-property-owner.innago.com/1886.4f229667e93ec0e3.js:0
[   18745ms] [WARNING] Notifications permission has been blocked as the user has dismissed the permission prompt several times. This can be reset in Page Info which can be accessed by clicking the tune icon next to the URL. See https://www.chromestatus.com/feature/6443143280984064 for more information. @ https://qa-property-owner.innago.com/:0
[   19311ms] [LOG] rolledout_help.intercom true @ https://qa-property-owner.innago.com/1886.4f229667e93ec0e3.js:0
[   19507ms] [LOG] ChatKitty Session Params: p @ https://qa-property-owner.innago.com/1886.4f229667e93ec0e3.js:0
[   19573ms] [LOG] 122.161.72.85 @ https://qa-property-owner.innago.com/1886.4f229667e93ec0e3.js:0
[   20940ms] [INFO] [2026-07-23T09:08:44.310Z] Information: WebSocket connected to wss://qa-sockets.innago.com/signalr?id=9T5GzpGZeCJQluGHZCna2w. @ https://qa-property-owner.innago.com/1886.4f229667e93ec0e3.js:0
[   46773ms] [ERROR] The script has an unsupported MIME type ('text/html'). @ :0
[   46776ms] [ERROR] Service worker registration failed with: SecurityError: Failed to register a ServiceWorker for scope ('https://qa-property-owner.innago.com/') with script ('https://qa-property-owner.innago.com/notification-worker.js'): The script has an unsupported MIME type ('text/html'). @ https://qa-property-owner.innago.com/1886.4f229667e93ec0e3.js:0
[   65517ms] [LOG] 122.161.72.85 @ https://qa-property-owner.innago.com/1886.4f229667e93ec0e3.js:0
[   66224ms] [LOG] 122.161.72.85 @ https://qa-property-owner.innago.com/1886.4f229667e93ec0e3.js:0
